<?xml version="1.0" encoding="UTF-8"?>
<testng-results ignored="3" total="9" passed="5" failed="1" skipped="0">
  <reporter-output>
  </reporter-output>
  <suite started-at="2023-02-21T08:08:41 IST" name="Suite123" finished-at="2023-02-21T08:10:20 IST" duration-ms="98924">
    <groups>
    </groups>
    <test started-at="2023-02-21T08:08:41 IST" name="ChromeTest" finished-at="2023-02-21T08:09:26 IST" duration-ms="44545">
      <class name="TestNGPackege2.PlaceOrderClassFlipkart">
        <test-method is-config="true" signature="toLaunchBrowser(java.lang.String)[pri:0, instance:TestNGPackege2.PlaceOrderClassFlipkart@36902638]" started-at="2023-02-21T08:08:44 IST" name="toLaunchBrowser" finished-at="2023-02-21T08:08:45 IST" duration-ms="1127" status="PASS">
          <params>
            <param index="0">
              <value>
                <![CDATA[Chrome]]>
              </value>
            </param>
          </params>
          <reporter-output>
          </reporter-output>
        </test-method> <!-- toLaunchBrowser -->
        <test-method is-config="true" signature="createPOMObjects()[pri:0, instance:TestNGPackege2.PlaceOrderClassFlipkart@36902638]" started-at="2023-02-21T08:08:45 IST" name="createPOMObjects" finished-at="2023-02-21T08:08:45 IST" duration-ms="71" status="PASS">
          <reporter-output>
          </reporter-output>
        </test-method> <!-- createPOMObjects -->
        <test-method is-config="true" signature="goToMainPageFlipKart()[pri:0, instance:TestNGPackege2.PlaceOrderClassFlipkart@36902638]" started-at="2023-02-21T08:08:45 IST" name="goToMainPageFlipKart" finished-at="2023-02-21T08:08:50 IST" duration-ms="5427" status="PASS">
          <reporter-output>
          </reporter-output>
        </test-method> <!-- goToMainPageFlipKart -->
        <test-method signature="verifyCorrectProduct()[pri:0, instance:TestNGPackege2.PlaceOrderClassFlipkart@36902638]" started-at="2023-02-21T08:08:50 IST" name="verifyCorrectProduct" finished-at="2023-02-21T08:09:02 IST" duration-ms="12117" status="PASS">
          <reporter-output>
          </reporter-output>
        </test-method> <!-- verifyCorrectProduct -->
        <test-method is-config="true" signature="afterMehtod()[pri:0, instance:TestNGPackege2.PlaceOrderClassFlipkart@36902638]" started-at="2023-02-21T08:09:02 IST" name="afterMehtod" finished-at="2023-02-21T08:09:03 IST" duration-ms="135" status="PASS">
          <reporter-output>
          </reporter-output>
        </test-method> <!-- afterMehtod -->
        <test-method is-config="true" signature="closePOMClasses()[pri:0, instance:TestNGPackege2.PlaceOrderClassFlipkart@36902638]" started-at="2023-02-21T08:09:03 IST" name="closePOMClasses" finished-at="2023-02-21T08:09:03 IST" duration-ms="1" status="PASS">
          <reporter-output>
          </reporter-output>
        </test-method> <!-- closePOMClasses -->
        <test-method is-config="true" signature="afterMethod()[pri:0, instance:TestNGPackege2.PlaceOrderClassFlipkart@36902638]" started-at="2023-02-21T08:09:25 IST" name="afterMethod" finished-at="2023-02-21T08:09:26 IST" duration-ms="384" status="PASS">
          <reporter-output>
          </reporter-output>
        </test-method> <!-- afterMethod -->
      </class> <!-- TestNGPackege2.PlaceOrderClassFlipkart -->
      <class name="TestNGPackege2.AddtoCartOnFilpkart">
        <test-method is-config="true" signature="toLauncBrowser(java.lang.String)[pri:0, instance:TestNGPackege2.AddtoCartOnFilpkart@223d2c72]" started-at="2023-02-21T08:08:41 IST" name="toLauncBrowser" finished-at="2023-02-21T08:08:44 IST" duration-ms="2441" status="PASS">
          <params>
            <param index="0">
              <value>
                <![CDATA[Chrome]]>
              </value>
            </param>
          </params>
          <reporter-output>
          </reporter-output>
        </test-method> <!-- toLauncBrowser -->
        <test-method is-config="true" signature="createPomClassObjects()[pri:0, instance:TestNGPackege2.AddtoCartOnFilpkart@223d2c72]" started-at="2023-02-21T08:09:03 IST" name="createPomClassObjects" finished-at="2023-02-21T08:09:03 IST" duration-ms="16" status="PASS">
          <reporter-output>
          </reporter-output>
        </test-method> <!-- createPomClassObjects -->
        <test-method is-config="true" signature="goToMainPageOnFlipkart()[pri:0, instance:TestNGPackege2.AddtoCartOnFilpkart@223d2c72]" started-at="2023-02-21T08:09:03 IST" name="goToMainPageOnFlipkart" finished-at="2023-02-21T08:09:13 IST" duration-ms="10625" status="PASS">
          <reporter-output>
          </reporter-output>
        </test-method> <!-- goToMainPageOnFlipkart -->
        <test-method signature="clickOnElectronicsButto()[pri:0, instance:TestNGPackege2.AddtoCartOnFilpkart@223d2c72]" started-at="2023-02-21T08:09:13 IST" name="clickOnElectronicsButto" finished-at="2023-02-21T08:09:25 IST" duration-ms="11505" status="PASS">
          <reporter-output>
          </reporter-output>
        </test-method> <!-- clickOnElectronicsButto -->
        <test-method is-config="true" signature="afterMethod()[pri:0, instance:TestNGPackege2.AddtoCartOnFilpkart@223d2c72]" started-at="2023-02-21T08:09:25 IST" name="afterMethod" finished-at="2023-02-21T08:09:25 IST" duration-ms="163" status="PASS">
          <reporter-output>
          </reporter-output>
        </test-method> <!-- afterMethod -->
        <test-method is-config="true" signature="afterClass()[pri:0, instance:TestNGPackege2.AddtoCartOnFilpkart@223d2c72]" started-at="2023-02-21T08:09:25 IST" name="afterClass" finished-at="2023-02-21T08:09:25 IST" duration-ms="0" status="PASS">
          <reporter-output>
          </reporter-output>
        </test-method> <!-- afterClass -->
        <test-method is-config="true" signature="closeBrowser()[pri:0, instance:TestNGPackege2.AddtoCartOnFilpkart@223d2c72]" started-at="2023-02-21T08:09:25 IST" name="closeBrowser" finished-at="2023-02-21T08:09:25 IST" duration-ms="463" status="PASS">
          <reporter-output>
          </reporter-output>
        </test-method> <!-- closeBrowser -->
      </class> <!-- TestNGPackege2.AddtoCartOnFilpkart -->
    </test> <!-- ChromeTest -->
    <test started-at="2023-02-21T08:08:41 IST" name="EdgeTest" finished-at="2023-02-21T08:09:26 IST" duration-ms="45028">
      <class name="TestNGPackege2.PlaceOrderClassFlipkart">
        <test-method is-config="true" signature="toLaunchBrowser(java.lang.String)[pri:0, instance:TestNGPackege2.PlaceOrderClassFlipkart@10e31a9a]" started-at="2023-02-21T08:08:44 IST" name="toLaunchBrowser" finished-at="2023-02-21T08:08:47 IST" duration-ms="3448" status="PASS">
          <params>
            <param index="0">
              <value>
                <![CDATA[Edge]]>
              </value>
            </param>
          </params>
          <reporter-output>
          </reporter-output>
        </test-method> <!-- toLaunchBrowser -->
        <test-method is-config="true" signature="createPOMObjects()[pri:0, instance:TestNGPackege2.PlaceOrderClassFlipkart@10e31a9a]" started-at="2023-02-21T08:08:47 IST" name="createPOMObjects" finished-at="2023-02-21T08:08:47 IST" duration-ms="1" status="PASS">
          <reporter-output>
          </reporter-output>
        </test-method> <!-- createPOMObjects -->
        <test-method is-config="true" signature="goToMainPageFlipKart()[pri:0, instance:TestNGPackege2.PlaceOrderClassFlipkart@10e31a9a]" started-at="2023-02-21T08:08:47 IST" name="goToMainPageFlipKart" finished-at="2023-02-21T08:08:52 IST" duration-ms="4904" status="PASS">
          <reporter-output>
          </reporter-output>
        </test-method> <!-- goToMainPageFlipKart -->
        <test-method signature="verifyCorrectProduct()[pri:0, instance:TestNGPackege2.PlaceOrderClassFlipkart@10e31a9a]" started-at="2023-02-21T08:08:52 IST" name="verifyCorrectProduct" finished-at="2023-02-21T08:09:04 IST" duration-ms="11492" status="PASS">
          <reporter-output>
          </reporter-output>
        </test-method> <!-- verifyCorrectProduct -->
        <test-method is-config="true" signature="afterMehtod()[pri:0, instance:TestNGPackege2.PlaceOrderClassFlipkart@10e31a9a]" started-at="2023-02-21T08:09:04 IST" name="afterMehtod" finished-at="2023-02-21T08:09:04 IST" duration-ms="113" status="PASS">
          <reporter-output>
          </reporter-output>
        </test-method> <!-- afterMehtod -->
        <test-method is-config="true" signature="closePOMClasses()[pri:0, instance:TestNGPackege2.PlaceOrderClassFlipkart@10e31a9a]" started-at="2023-02-21T08:09:04 IST" name="closePOMClasses" finished-at="2023-02-21T08:09:04 IST" duration-ms="1" status="PASS">
          <reporter-output>
          </reporter-output>
        </test-method> <!-- closePOMClasses -->
        <test-method is-config="true" signature="afterMethod()[pri:0, instance:TestNGPackege2.PlaceOrderClassFlipkart@10e31a9a]" started-at="2023-02-21T08:09:26 IST" name="afterMethod" finished-at="2023-02-21T08:09:26 IST" duration-ms="394" status="PASS">
          <reporter-output>
          </reporter-output>
        </test-method> <!-- afterMethod -->
      </class> <!-- TestNGPackege2.PlaceOrderClassFlipkart -->
      <class name="TestNGPackege2.AddtoCartOnFilpkart">
        <test-method is-config="true" signature="toLauncBrowser(java.lang.String)[pri:0, instance:TestNGPackege2.AddtoCartOnFilpkart@131774fe]" started-at="2023-02-21T08:08:41 IST" name="toLauncBrowser" finished-at="2023-02-21T08:08:44 IST" duration-ms="2588" status="PASS">
          <params>
            <param index="0">
              <value>
                <![CDATA[Edge]]>
              </value>
            </param>
          </params>
          <reporter-output>
          </reporter-output>
        </test-method> <!-- toLauncBrowser -->
        <test-method is-config="true" signature="createPomClassObjects()[pri:0, instance:TestNGPackege2.AddtoCartOnFilpkart@131774fe]" started-at="2023-02-21T08:09:04 IST" name="createPomClassObjects" finished-at="2023-02-21T08:09:04 IST" duration-ms="3" status="PASS">
          <reporter-output>
          </reporter-output>
        </test-method> <!-- createPomClassObjects -->
        <test-method is-config="true" signature="goToMainPageOnFlipkart()[pri:0, instance:TestNGPackege2.AddtoCartOnFilpkart@131774fe]" started-at="2023-02-21T08:09:04 IST" name="goToMainPageOnFlipkart" finished-at="2023-02-21T08:09:13 IST" duration-ms="9479" status="PASS">
          <reporter-output>
          </reporter-output>
        </test-method> <!-- goToMainPageOnFlipkart -->
        <test-method signature="clickOnElectronicsButto()[pri:0, instance:TestNGPackege2.AddtoCartOnFilpkart@131774fe]" started-at="2023-02-21T08:09:13 IST" name="clickOnElectronicsButto" finished-at="2023-02-21T08:09:25 IST" duration-ms="11708" status="PASS">
          <reporter-output>
          </reporter-output>
        </test-method> <!-- clickOnElectronicsButto -->
        <test-method is-config="true" signature="afterMethod()[pri:0, instance:TestNGPackege2.AddtoCartOnFilpkart@131774fe]" started-at="2023-02-21T08:09:25 IST" name="afterMethod" finished-at="2023-02-21T08:09:25 IST" duration-ms="128" status="PASS">
          <reporter-output>
          </reporter-output>
        </test-method> <!-- afterMethod -->
        <test-method is-config="true" signature="closeBrowser()[pri:0, instance:TestNGPackege2.AddtoCartOnFilpkart@131774fe]" started-at="2023-02-21T08:09:25 IST" name="closeBrowser" finished-at="2023-02-21T08:09:26 IST" duration-ms="746" status="PASS">
          <reporter-output>
          </reporter-output>
        </test-method> <!-- closeBrowser -->
        <test-method is-config="true" signature="afterClass()[pri:0, instance:TestNGPackege2.AddtoCartOnFilpkart@131774fe]" started-at="2023-02-21T08:09:25 IST" name="afterClass" finished-at="2023-02-21T08:09:25 IST" duration-ms="0" status="PASS">
          <reporter-output>
          </reporter-output>
        </test-method> <!-- afterClass -->
      </class> <!-- TestNGPackege2.AddtoCartOnFilpkart -->
    </test> <!-- EdgeTest -->
    <test started-at="2023-02-21T08:08:41 IST" name="Firfox" finished-at="2023-02-21T08:10:20 IST" duration-ms="98924">
      <class name="TestNGPackege2.PlaceOrderClassFlipkart">
        <test-method is-config="true" signature="toLaunchBrowser(java.lang.String)[pri:0, instance:TestNGPackege2.PlaceOrderClassFlipkart@1d9b7cce]" started-at="2023-02-21T08:08:49 IST" name="toLaunchBrowser" finished-at="2023-02-21T08:08:57 IST" duration-ms="7902" status="PASS">
          <params>
            <param index="0">
              <value>
                <![CDATA[Firfox]]>
              </value>
            </param>
          </params>
          <reporter-output>
          </reporter-output>
        </test-method> <!-- toLaunchBrowser -->
        <test-method is-config="true" signature="goToMainPageFlipKart()[pri:0, instance:TestNGPackege2.PlaceOrderClassFlipkart@1d9b7cce]" started-at="2023-02-21T08:08:57 IST" name="goToMainPageFlipKart" finished-at="2023-02-21T08:09:03 IST" duration-ms="5630" status="PASS">
          <reporter-output>
          </reporter-output>
        </test-method> <!-- goToMainPageFlipKart -->
        <test-method is-config="true" signature="createPOMObjects()[pri:0, instance:TestNGPackege2.PlaceOrderClassFlipkart@1d9b7cce]" started-at="2023-02-21T08:08:57 IST" name="createPOMObjects" finished-at="2023-02-21T08:08:57 IST" duration-ms="0" status="PASS">
          <reporter-output>
          </reporter-output>
        </test-method> <!-- createPOMObjects -->
        <test-method signature="verifyCorrectProduct()[pri:0, instance:TestNGPackege2.PlaceOrderClassFlipkart@1d9b7cce]" started-at="2023-02-21T08:09:03 IST" name="verifyCorrectProduct" finished-at="2023-02-21T08:09:58 IST" duration-ms="55276" status="FAIL">
          <exception class="org.openqa.selenium.TimeoutException">
            <message>
              <![CDATA[Expected condition failed: waiting for visibility of Proxy element for: DefaultElementLocator 'By.xpath: //span[text()='CONTINUE']' (tried for 40 second(s) with 500 milliseconds interval)]]>
            </message>
            <full-stacktrace>
              <![CDATA[org.openqa.selenium.TimeoutException: Expected condition failed: waiting for visibility of Proxy element for: DefaultElementLocator 'By.xpath: //span[text()='CONTINUE']' (tried for 40 second(s) with 500 milliseconds interval)
at org.openqa.selenium.support.ui.WebDriverWait.timeoutException(WebDriverWait.java:95)
at org.openqa.selenium.support.ui.FluentWait.until(FluentWait.java:272)
at pomClasses.PlaceOrderSendNu.clickOnSumbitButton(PlaceOrderSendNu.java:41)
at TestNGPackege2.PlaceOrderClassFlipkart.verifyCorrectProduct(PlaceOrderClassFlipkart.java:95)
at java.base/jdk.internal.reflect.DirectMethodHandleAccessor.invoke(DirectMethodHandleAccessor.java:104)
at java.base/java.lang.reflect.Method.invoke(Method.java:577)
at org.testng.internal.MethodInvocationHelper.invokeMethod(MethodInvocationHelper.java:133)
at org.testng.internal.TestInvoker.invokeMethod(TestInvoker.java:598)
at org.testng.internal.TestInvoker.invokeTestMethod(TestInvoker.java:173)
at org.testng.internal.MethodRunner.runInSequence(MethodRunner.java:46)
at org.testng.internal.TestInvoker$MethodInvocationAgent.invoke(TestInvoker.java:824)
at org.testng.internal.TestInvoker.invokeTestMethods(TestInvoker.java:146)
at org.testng.internal.TestMethodWorker.invokeTestMethods(TestMethodWorker.java:146)
at org.testng.internal.TestMethodWorker.run(TestMethodWorker.java:128)
at java.base/java.util.ArrayList.forEach(ArrayList.java:1511)
at org.testng.TestRunner.privateRun(TestRunner.java:794)
at org.testng.TestRunner.run(TestRunner.java:596)
at org.testng.SuiteRunner.runTest(SuiteRunner.java:377)
at org.testng.SuiteRunner.access$000(SuiteRunner.java:28)
at org.testng.SuiteRunner$SuiteWorker.run(SuiteRunner.java:418)
at org.testng.internal.thread.ThreadUtil.lambda$execute$0(ThreadUtil.java:64)
at java.base/java.util.concurrent.FutureTask.run(FutureTask.java:264)
at java.base/java.util.concurrent.ThreadPoolExecutor.runWorker(ThreadPoolExecutor.java:1136)
at java.base/java.util.concurrent.ThreadPoolExecutor$Worker.run(ThreadPoolExecutor.java:635)
at java.base/java.lang.Thread.run(Thread.java:833)
Caused by: org.openqa.selenium.NoSuchElementException: Unable to locate element: //span[text()='CONTINUE']
For documentation on this error, please visit: https://www.seleniumhq.org/exceptions/no_such_element.html
Build info: version: '3.141.59', revision: 'e82be7d358', time: '2018-11-14T08:17:03'
System info: host: 'LAPTOP-H80V36UT', ip: '192.168.43.209', os.name: 'Windows 11', os.arch: 'amd64', os.version: '10.0', java.version: '18.0.2.1'
Driver info: org.openqa.selenium.firefox.FirefoxDriver
Capabilities {acceptInsecureCerts: true, browserName: firefox, browserVersion: 110.0, javascriptEnabled: true, moz:accessibilityChecks: false, moz:buildID: 20230214051806, moz:geckodriverVersion: 0.32.2, moz:headless: false, moz:platformVersion: 10.0, moz:processID: 22308, moz:profile: C:\Users\Somin\AppData\Loca..., moz:shutdownTimeout: 60000, moz:useNonSpecCompliantPointerOrigin: false, moz:webdriverClick: true, moz:windowless: false, pageLoadStrategy: normal, platform: WINDOWS, platformName: WINDOWS, proxy: Proxy(), setWindowRect: true, strictFileInteractability: false, timeouts: {implicit: 0, pageLoad: 300000, script: 30000}, unhandledPromptBehavior: dismiss and notify}
Session ID: 6d59aa8c-d513-4d4f-a218-2d5e9040503d
*** Element info: {Using=xpath, value=//span[text()='CONTINUE']}
at java.base/jdk.internal.reflect.DirectConstructorHandleAccessor.newInstance(DirectConstructorHandleAccessor.java:67)
at java.base/java.lang.reflect.Constructor.newInstanceWithCaller(Constructor.java:499)
at java.base/java.lang.reflect.Constructor.newInstance(Constructor.java:483)
at org.openqa.selenium.remote.http.W3CHttpResponseCodec.createException(W3CHttpResponseCodec.java:187)
at org.openqa.selenium.remote.http.W3CHttpResponseCodec.decode(W3CHttpResponseCodec.java:122)
at org.openqa.selenium.remote.http.W3CHttpResponseCodec.decode(W3CHttpResponseCodec.java:49)
at org.openqa.selenium.remote.HttpCommandExecutor.execute(HttpCommandExecutor.java:158)
at org.openqa.selenium.remote.service.DriverCommandExecutor.execute(DriverCommandExecutor.java:83)
at org.openqa.selenium.remote.RemoteWebDriver.execute(RemoteWebDriver.java:552)
at org.openqa.selenium.remote.RemoteWebDriver.findElement(RemoteWebDriver.java:323)
at org.openqa.selenium.remote.RemoteWebDriver.findElementByXPath(RemoteWebDriver.java:428)
at org.openqa.selenium.By$ByXPath.findElement(By.java:353)
at org.openqa.selenium.remote.RemoteWebDriver.findElement(RemoteWebDriver.java:315)
at org.openqa.selenium.support.pagefactory.DefaultElementLocator.findElement(DefaultElementLocator.java:69)
at org.openqa.selenium.support.pagefactory.internal.LocatingElementHandler.invoke(LocatingElementHandler.java:38)
at jdk.proxy2/jdk.proxy2.$Proxy17.isDisplayed(Unknown Source)
at org.openqa.selenium.support.ui.ExpectedConditions.elementIfVisible(ExpectedConditions.java:314)
at org.openqa.selenium.support.ui.ExpectedConditions.access$000(ExpectedConditions.java:43)
at org.openqa.selenium.support.ui.ExpectedConditions$10.apply(ExpectedConditions.java:300)
at org.openqa.selenium.support.ui.ExpectedConditions$10.apply(ExpectedConditions.java:297)
at org.openqa.selenium.support.ui.FluentWait.until(FluentWait.java:249)
... 23 more
]]>
            </full-stacktrace>
          </exception> <!-- org.openqa.selenium.TimeoutException -->
          <reporter-output>
          </reporter-output>
        </test-method> <!-- verifyCorrectProduct -->
        <test-method is-config="true" signature="afterMehtod()[pri:0, instance:TestNGPackege2.PlaceOrderClassFlipkart@1d9b7cce]" started-at="2023-02-21T08:09:58 IST" name="afterMehtod" finished-at="2023-02-21T08:09:58 IST" duration-ms="120" status="PASS">
          <reporter-output>
          </reporter-output>
        </test-method> <!-- afterMehtod -->
        <test-method is-config="true" signature="closePOMClasses()[pri:0, instance:TestNGPackege2.PlaceOrderClassFlipkart@1d9b7cce]" started-at="2023-02-21T08:09:58 IST" name="closePOMClasses" finished-at="2023-02-21T08:09:58 IST" duration-ms="0" status="PASS">
          <reporter-output>
          </reporter-output>
        </test-method> <!-- closePOMClasses -->
        <test-method is-config="true" signature="afterMethod()[pri:0, instance:TestNGPackege2.PlaceOrderClassFlipkart@1d9b7cce]" started-at="2023-02-21T08:10:18 IST" name="afterMethod" finished-at="2023-02-21T08:10:20 IST" duration-ms="1707" status="PASS">
          <reporter-output>
          </reporter-output>
        </test-method> <!-- afterMethod -->
      </class> <!-- TestNGPackege2.PlaceOrderClassFlipkart -->
      <class name="TestNGPackege2.AddtoCartOnFilpkart">
        <test-method is-config="true" signature="toLauncBrowser(java.lang.String)[pri:0, instance:TestNGPackege2.AddtoCartOnFilpkart@15ff3e9e]" started-at="2023-02-21T08:08:41 IST" name="toLauncBrowser" finished-at="2023-02-21T08:08:49 IST" duration-ms="8002" status="PASS">
          <params>
            <param index="0">
              <value>
                <![CDATA[Firfox]]>
              </value>
            </param>
          </params>
          <reporter-output>
          </reporter-output>
        </test-method> <!-- toLauncBrowser -->
        <test-method is-config="true" signature="createPomClassObjects()[pri:0, instance:TestNGPackege2.AddtoCartOnFilpkart@15ff3e9e]" started-at="2023-02-21T08:09:58 IST" name="createPomClassObjects" finished-at="2023-02-21T08:09:58 IST" duration-ms="1" status="PASS">
          <reporter-output>
          </reporter-output>
        </test-method> <!-- createPomClassObjects -->
        <test-method is-config="true" signature="goToMainPageOnFlipkart()[pri:0, instance:TestNGPackege2.AddtoCartOnFilpkart@15ff3e9e]" started-at="2023-02-21T08:09:58 IST" name="goToMainPageOnFlipkart" finished-at="2023-02-21T08:10:10 IST" duration-ms="11882" status="PASS">
          <reporter-output>
          </reporter-output>
        </test-method> <!-- goToMainPageOnFlipkart -->
        <test-method signature="clickOnElectronicsButto()[pri:0, instance:TestNGPackege2.AddtoCartOnFilpkart@15ff3e9e]" started-at="2023-02-21T08:10:10 IST" name="clickOnElectronicsButto" finished-at="2023-02-21T08:10:17 IST" duration-ms="6709" status="PASS">
          <reporter-output>
          </reporter-output>
        </test-method> <!-- clickOnElectronicsButto -->
        <test-method is-config="true" signature="afterMethod()[pri:0, instance:TestNGPackege2.AddtoCartOnFilpkart@15ff3e9e]" started-at="2023-02-21T08:10:17 IST" name="afterMethod" finished-at="2023-02-21T08:10:17 IST" duration-ms="79" status="PASS">
          <reporter-output>
          </reporter-output>
        </test-method> <!-- afterMethod -->
        <test-method is-config="true" signature="afterClass()[pri:0, instance:TestNGPackege2.AddtoCartOnFilpkart@15ff3e9e]" started-at="2023-02-21T08:10:17 IST" name="afterClass" finished-at="2023-02-21T08:10:17 IST" duration-ms="4" status="PASS">
          <reporter-output>
          </reporter-output>
        </test-method> <!-- afterClass -->
        <test-method is-config="true" signature="closeBrowser()[pri:0, instance:TestNGPackege2.AddtoCartOnFilpkart@15ff3e9e]" started-at="2023-02-21T08:10:17 IST" name="closeBrowser" finished-at="2023-02-21T08:10:18 IST" duration-ms="1589" status="PASS">
          <reporter-output>
          </reporter-output>
        </test-method> <!-- closeBrowser -->
      </class> <!-- TestNGPackege2.AddtoCartOnFilpkart -->
    </test> <!-- Firfox -->
  </suite> <!-- Suite123 -->
</testng-results>
