<html>
<head>
<title>TestNG:  Firefox</title>
<link href="../testng.css" rel="stylesheet" type="text/css" />
<link href="../my-testng.css" rel="stylesheet" type="text/css" />

<style type="text/css">
.log { display: none;} 
.stack-trace { display: none;} 
</style>
<script type="text/javascript">
<!--
function flip(e) {
  current = e.style.display;
  if (current == 'block') {
    e.style.display = 'none';
    return 0;
  }
  else {
    e.style.display = 'block';
    return 1;
  }
}

function toggleBox(szDivId, elem, msg1, msg2)
{
  var res = -1;  if (document.getElementById) {
    res = flip(document.getElementById(szDivId));
  }
  else if (document.all) {
    // this is the way old msie versions work
    res = flip(document.all[szDivId]);
  }
  if(elem) {
    if(res == 0) elem.innerHTML = msg1; else elem.innerHTML = msg2;
  }

}

function toggleAllBoxes() {
  if (document.getElementsByTagName) {
    d = document.getElementsByTagName('div');
    for (i = 0; i < d.length; i++) {
      if (d[i].className == 'log') {
        flip(d[i]);
      }
    }
  }
}

// -->
</script>

</head>
<body>
<h2 align='center'>Firefox</h2><table border='1' align="center">
<tr>
<td>Tests passed/Failed/Skipped:</td><td>0/0/2</td>
</tr><tr>
<td>Started on:</td><td>Fri Feb 10 07:57:54 IST 2023</td>
</tr>
<tr><td>Total time:</td><td>0 seconds (58 ms)</td>
</tr><tr>
<td>Included groups:</td><td></td>
</tr><tr>
<td>Excluded groups:</td><td></td>
</tr>
</table><p/>
<small><i>(Hover the method name to see the test class name)</i></small><p/>
<table width='100%' border='1' class='invocation-failed'>
<tr><td colspan='4' align='center'><b>FAILED CONFIGURATIONS</b></td></tr>
<tr><td><b>Test method</b></td>
<td width="30%"><b>Exception</b></td>
<td width="10%"><b>Time (seconds)</b></td>
<td><b>Instance</b></td>
</tr>
<tr>
<td title='TestNGPackege2.AddtoCartOnFilpkart.toLauncBrowser()'><b>toLauncBrowser</b><br>Test class: TestNGPackege2.AddtoCartOnFilpkart<br>Parameters: Firfox</td>
<td><div><pre>java.lang.IllegalStateException: The driver executable does not exist: C:\TestingAutomation\geckodriver-v0.32.2-win-aarch64\geckodriver.exe
	at com.google.common.base.Preconditions.checkState(Preconditions.java:585)
	at org.openqa.selenium.remote.service.DriverService.checkExecutable(DriverService.java:146)
	at org.openqa.selenium.remote.service.DriverService.findExecutable(DriverService.java:141)
	at org.openqa.selenium.firefox.GeckoDriverService.access$100(GeckoDriverService.java:44)
	at org.openqa.selenium.firefox.GeckoDriverService$Builder.findDefaultExecutable(GeckoDriverService.java:167)
	at org.openqa.selenium.remote.service.DriverService$Builder.build(DriverService.java:355)
	at org.openqa.selenium.firefox.FirefoxDriver.toExecutor(FirefoxDriver.java:190)
	at org.openqa.selenium.firefox.FirefoxDriver.&lt;init&gt;(FirefoxDriver.java:147)
	at org.openqa.selenium.firefox.FirefoxDriver.&lt;init&gt;(FirefoxDriver.java:125)
	at browser.BrowserSetup.lauchFirfoxBrowser(BrowserSetup.java:24)
	at TestNGPackege2.AddtoCartOnFilpkart.toLauncBrowser(AddtoCartOnFilpkart.java:45)
	at java.base/java.util.concurrent.FutureTask.run(FutureTask.java:264)
	at java.base/java.util.concurrent.ThreadPoolExecutor.runWorker(ThreadPoolExecutor.java:1136)
	at java.base/java.util.concurrent.ThreadPoolExecutor$Worker.run(ThreadPoolExecutor.java:635)
	at java.base/java.lang.Thread.run(Thread.java:833)
... Removed 13 stack frames</pre></div><a href='#' onClick='toggleBox("stack-trace627530737", this, "Click to show all stack frames", "Click to hide stack frames")'>Click to show all stack frames</a>
<div class='stack-trace' id='stack-trace627530737'><pre>java.lang.IllegalStateException: The driver executable does not exist: C:\TestingAutomation\geckodriver-v0.32.2-win-aarch64\geckodriver.exe
	at com.google.common.base.Preconditions.checkState(Preconditions.java:585)
	at org.openqa.selenium.remote.service.DriverService.checkExecutable(DriverService.java:146)
	at org.openqa.selenium.remote.service.DriverService.findExecutable(DriverService.java:141)
	at org.openqa.selenium.firefox.GeckoDriverService.access$100(GeckoDriverService.java:44)
	at org.openqa.selenium.firefox.GeckoDriverService$Builder.findDefaultExecutable(GeckoDriverService.java:167)
	at org.openqa.selenium.remote.service.DriverService$Builder.build(DriverService.java:355)
	at org.openqa.selenium.firefox.FirefoxDriver.toExecutor(FirefoxDriver.java:190)
	at org.openqa.selenium.firefox.FirefoxDriver.&lt;init&gt;(FirefoxDriver.java:147)
	at org.openqa.selenium.firefox.FirefoxDriver.&lt;init&gt;(FirefoxDriver.java:125)
	at browser.BrowserSetup.lauchFirfoxBrowser(BrowserSetup.java:24)
	at TestNGPackege2.AddtoCartOnFilpkart.toLauncBrowser(AddtoCartOnFilpkart.java:45)
	at java.base/jdk.internal.reflect.DirectMethodHandleAccessor.invoke(DirectMethodHandleAccessor.java:104)
	at java.base/java.lang.reflect.Method.invoke(Method.java:577)
	at org.testng.internal.MethodInvocationHelper.invokeMethod(MethodInvocationHelper.java:133)
	at org.testng.internal.MethodInvocationHelper.invokeMethodConsideringTimeout(MethodInvocationHelper.java:62)
	at org.testng.internal.ConfigInvoker.invokeConfigurationMethod(ConfigInvoker.java:385)
	at org.testng.internal.ConfigInvoker.invokeConfigurations(ConfigInvoker.java:321)
	at org.testng.TestRunner.invokeTestConfigurations(TestRunner.java:637)
	at org.testng.TestRunner.beforeRun(TestRunner.java:627)
	at org.testng.TestRunner.run(TestRunner.java:589)
	at org.testng.SuiteRunner.runTest(SuiteRunner.java:377)
	at org.testng.SuiteRunner.access$000(SuiteRunner.java:28)
	at org.testng.SuiteRunner$SuiteWorker.run(SuiteRunner.java:418)
	at org.testng.internal.thread.ThreadUtil.lambda$execute$0(ThreadUtil.java:64)
	at java.base/java.util.concurrent.FutureTask.run(FutureTask.java:264)
	at java.base/java.util.concurrent.ThreadPoolExecutor.runWorker(ThreadPoolExecutor.java:1136)
	at java.base/java.util.concurrent.ThreadPoolExecutor$Worker.run(ThreadPoolExecutor.java:635)
	at java.base/java.lang.Thread.run(Thread.java:833)
</pre></div></td>
<td>0</td>
<td>TestNGPackege2.AddtoCartOnFilpkart@61862a7f</td></tr>
</table><p>
<table width='100%' border='1' class='invocation-skipped'>
<tr><td colspan='4' align='center'><b>SKIPPED CONFIGURATIONS</b></td></tr>
<tr><td><b>Test method</b></td>
<td width="30%"><b>Exception</b></td>
<td width="10%"><b>Time (seconds)</b></td>
<td><b>Instance</b></td>
</tr>
<tr>
<td title='TestNGPackege2.PlaceOrderClassFlipkart.toLaunchBrowser()'><b>toLaunchBrowser</b><br>Test class: TestNGPackege2.PlaceOrderClassFlipkart</td>
<td></td>
<td>-1675996074</td>
<td>TestNGPackege2.PlaceOrderClassFlipkart@384ad17b</td></tr>
<tr>
<td title='TestNGPackege2.AddtoCartOnFilpkart.goToMainPageOnFlipkart()'><b>goToMainPageOnFlipkart</b><br>Test class: TestNGPackege2.AddtoCartOnFilpkart</td>
<td></td>
<td>-1675996074</td>
<td>TestNGPackege2.AddtoCartOnFilpkart@61862a7f</td></tr>
<tr>
<td title='TestNGPackege2.PlaceOrderClassFlipkart.afterMehtod()'><b>afterMehtod</b><br>Test class: TestNGPackege2.PlaceOrderClassFlipkart</td>
<td></td>
<td>-1675996074</td>
<td>TestNGPackege2.PlaceOrderClassFlipkart@384ad17b</td></tr>
<tr>
<td title='TestNGPackege2.AddtoCartOnFilpkart.createPomClassObjects()'><b>createPomClassObjects</b><br>Test class: TestNGPackege2.AddtoCartOnFilpkart</td>
<td></td>
<td>-1675996074</td>
<td>TestNGPackege2.AddtoCartOnFilpkart@61862a7f</td></tr>
<tr>
<td title='TestNGPackege2.AddtoCartOnFilpkart.afterMethod()'><b>afterMethod</b><br>Test class: TestNGPackege2.AddtoCartOnFilpkart</td>
<td></td>
<td>-1675996074</td>
<td>TestNGPackege2.AddtoCartOnFilpkart@61862a7f</td></tr>
<tr>
<td title='TestNGPackege2.PlaceOrderClassFlipkart.createPOMObjects()'><b>createPOMObjects</b><br>Test class: TestNGPackege2.PlaceOrderClassFlipkart</td>
<td></td>
<td>-1675996074</td>
<td>TestNGPackege2.PlaceOrderClassFlipkart@384ad17b</td></tr>
<tr>
<td title='TestNGPackege2.AddtoCartOnFilpkart.afterClass()'><b>afterClass</b><br>Test class: TestNGPackege2.AddtoCartOnFilpkart</td>
<td></td>
<td>-1675996074</td>
<td>TestNGPackege2.AddtoCartOnFilpkart@61862a7f</td></tr>
<tr>
<td title='TestNGPackege2.AddtoCartOnFilpkart.closeBrowser()'><b>closeBrowser</b><br>Test class: TestNGPackege2.AddtoCartOnFilpkart</td>
<td></td>
<td>-1675996074</td>
<td>TestNGPackege2.AddtoCartOnFilpkart@61862a7f</td></tr>
<tr>
<td title='TestNGPackege2.PlaceOrderClassFlipkart.afterMethod()'><b>afterMethod</b><br>Test class: TestNGPackege2.PlaceOrderClassFlipkart</td>
<td></td>
<td>-1675996074</td>
<td>TestNGPackege2.PlaceOrderClassFlipkart@384ad17b</td></tr>
<tr>
<td title='TestNGPackege2.PlaceOrderClassFlipkart.goToMainPageFlipKart()'><b>goToMainPageFlipKart</b><br>Test class: TestNGPackege2.PlaceOrderClassFlipkart</td>
<td></td>
<td>-1675996074</td>
<td>TestNGPackege2.PlaceOrderClassFlipkart@384ad17b</td></tr>
<tr>
<td title='TestNGPackege2.PlaceOrderClassFlipkart.closePOMClasses()'><b>closePOMClasses</b><br>Test class: TestNGPackege2.PlaceOrderClassFlipkart</td>
<td></td>
<td>-1675996074</td>
<td>TestNGPackege2.PlaceOrderClassFlipkart@384ad17b</td></tr>
</table><p>
<table width='100%' border='1' class='invocation-skipped'>
<tr><td colspan='4' align='center'><b>SKIPPED TESTS</b></td></tr>
<tr><td><b>Test method</b></td>
<td width="30%"><b>Exception</b></td>
<td width="10%"><b>Time (seconds)</b></td>
<td><b>Instance</b></td>
</tr>
<tr>
<td title='TestNGPackege2.AddtoCartOnFilpkart.clickOnElectronicsButto()'><b>clickOnElectronicsButto</b><br>Test class: TestNGPackege2.AddtoCartOnFilpkart</td>
<td><div><pre>java.lang.IllegalStateException: The driver executable does not exist: C:\TestingAutomation\geckodriver-v0.32.2-win-aarch64\geckodriver.exe
	at com.google.common.base.Preconditions.checkState(Preconditions.java:585)
	at org.openqa.selenium.remote.service.DriverService.checkExecutable(DriverService.java:146)
	at org.openqa.selenium.remote.service.DriverService.findExecutable(DriverService.java:141)
	at org.openqa.selenium.firefox.GeckoDriverService.access$100(GeckoDriverService.java:44)
	at org.openqa.selenium.firefox.GeckoDriverService$Builder.findDefaultExecutable(GeckoDriverService.java:167)
	at org.openqa.selenium.remote.service.DriverService$Builder.build(DriverService.java:355)
	at org.openqa.selenium.firefox.FirefoxDriver.toExecutor(FirefoxDriver.java:190)
	at org.openqa.selenium.firefox.FirefoxDriver.&lt;init&gt;(FirefoxDriver.java:147)
	at org.openqa.selenium.firefox.FirefoxDriver.&lt;init&gt;(FirefoxDriver.java:125)
	at browser.BrowserSetup.lauchFirfoxBrowser(BrowserSetup.java:24)
	at TestNGPackege2.AddtoCartOnFilpkart.toLauncBrowser(AddtoCartOnFilpkart.java:45)
	at java.base/java.util.concurrent.FutureTask.run(FutureTask.java:264)
	at java.base/java.util.concurrent.ThreadPoolExecutor.runWorker(ThreadPoolExecutor.java:1136)
	at java.base/java.util.concurrent.ThreadPoolExecutor$Worker.run(ThreadPoolExecutor.java:635)
	at java.base/java.lang.Thread.run(Thread.java:833)
... Removed 13 stack frames</pre></div><a href='#' onClick='toggleBox("stack-trace344604398", this, "Click to show all stack frames", "Click to hide stack frames")'>Click to show all stack frames</a>
<div class='stack-trace' id='stack-trace344604398'><pre>java.lang.IllegalStateException: The driver executable does not exist: C:\TestingAutomation\geckodriver-v0.32.2-win-aarch64\geckodriver.exe
	at com.google.common.base.Preconditions.checkState(Preconditions.java:585)
	at org.openqa.selenium.remote.service.DriverService.checkExecutable(DriverService.java:146)
	at org.openqa.selenium.remote.service.DriverService.findExecutable(DriverService.java:141)
	at org.openqa.selenium.firefox.GeckoDriverService.access$100(GeckoDriverService.java:44)
	at org.openqa.selenium.firefox.GeckoDriverService$Builder.findDefaultExecutable(GeckoDriverService.java:167)
	at org.openqa.selenium.remote.service.DriverService$Builder.build(DriverService.java:355)
	at org.openqa.selenium.firefox.FirefoxDriver.toExecutor(FirefoxDriver.java:190)
	at org.openqa.selenium.firefox.FirefoxDriver.&lt;init&gt;(FirefoxDriver.java:147)
	at org.openqa.selenium.firefox.FirefoxDriver.&lt;init&gt;(FirefoxDriver.java:125)
	at browser.BrowserSetup.lauchFirfoxBrowser(BrowserSetup.java:24)
	at TestNGPackege2.AddtoCartOnFilpkart.toLauncBrowser(AddtoCartOnFilpkart.java:45)
	at java.base/jdk.internal.reflect.DirectMethodHandleAccessor.invoke(DirectMethodHandleAccessor.java:104)
	at java.base/java.lang.reflect.Method.invoke(Method.java:577)
	at org.testng.internal.MethodInvocationHelper.invokeMethod(MethodInvocationHelper.java:133)
	at org.testng.internal.MethodInvocationHelper.invokeMethodConsideringTimeout(MethodInvocationHelper.java:62)
	at org.testng.internal.ConfigInvoker.invokeConfigurationMethod(ConfigInvoker.java:385)
	at org.testng.internal.ConfigInvoker.invokeConfigurations(ConfigInvoker.java:321)
	at org.testng.TestRunner.invokeTestConfigurations(TestRunner.java:637)
	at org.testng.TestRunner.beforeRun(TestRunner.java:627)
	at org.testng.TestRunner.run(TestRunner.java:589)
	at org.testng.SuiteRunner.runTest(SuiteRunner.java:377)
	at org.testng.SuiteRunner.access$000(SuiteRunner.java:28)
	at org.testng.SuiteRunner$SuiteWorker.run(SuiteRunner.java:418)
	at org.testng.internal.thread.ThreadUtil.lambda$execute$0(ThreadUtil.java:64)
	at java.base/java.util.concurrent.FutureTask.run(FutureTask.java:264)
	at java.base/java.util.concurrent.ThreadPoolExecutor.runWorker(ThreadPoolExecutor.java:1136)
	at java.base/java.util.concurrent.ThreadPoolExecutor$Worker.run(ThreadPoolExecutor.java:635)
	at java.base/java.lang.Thread.run(Thread.java:833)
</pre></div></td>
<td>0</td>
<td>TestNGPackege2.AddtoCartOnFilpkart@61862a7f</td></tr>
<tr>
<td title='TestNGPackege2.PlaceOrderClassFlipkart.verifyCorrectProduct()'><b>verifyCorrectProduct</b><br>Test class: TestNGPackege2.PlaceOrderClassFlipkart</td>
<td><div><pre>java.lang.IllegalStateException: The driver executable does not exist: C:\TestingAutomation\geckodriver-v0.32.2-win-aarch64\geckodriver.exe
	at com.google.common.base.Preconditions.checkState(Preconditions.java:585)
	at org.openqa.selenium.remote.service.DriverService.checkExecutable(DriverService.java:146)
	at org.openqa.selenium.remote.service.DriverService.findExecutable(DriverService.java:141)
	at org.openqa.selenium.firefox.GeckoDriverService.access$100(GeckoDriverService.java:44)
	at org.openqa.selenium.firefox.GeckoDriverService$Builder.findDefaultExecutable(GeckoDriverService.java:167)
	at org.openqa.selenium.remote.service.DriverService$Builder.build(DriverService.java:355)
	at org.openqa.selenium.firefox.FirefoxDriver.toExecutor(FirefoxDriver.java:190)
	at org.openqa.selenium.firefox.FirefoxDriver.&lt;init&gt;(FirefoxDriver.java:147)
	at org.openqa.selenium.firefox.FirefoxDriver.&lt;init&gt;(FirefoxDriver.java:125)
	at browser.BrowserSetup.lauchFirfoxBrowser(BrowserSetup.java:24)
	at TestNGPackege2.AddtoCartOnFilpkart.toLauncBrowser(AddtoCartOnFilpkart.java:45)
	at java.base/java.util.concurrent.FutureTask.run(FutureTask.java:264)
	at java.base/java.util.concurrent.ThreadPoolExecutor.runWorker(ThreadPoolExecutor.java:1136)
	at java.base/java.util.concurrent.ThreadPoolExecutor$Worker.run(ThreadPoolExecutor.java:635)
	at java.base/java.lang.Thread.run(Thread.java:833)
... Removed 13 stack frames</pre></div><a href='#' onClick='toggleBox("stack-trace779922742", this, "Click to show all stack frames", "Click to hide stack frames")'>Click to show all stack frames</a>
<div class='stack-trace' id='stack-trace779922742'><pre>java.lang.IllegalStateException: The driver executable does not exist: C:\TestingAutomation\geckodriver-v0.32.2-win-aarch64\geckodriver.exe
	at com.google.common.base.Preconditions.checkState(Preconditions.java:585)
	at org.openqa.selenium.remote.service.DriverService.checkExecutable(DriverService.java:146)
	at org.openqa.selenium.remote.service.DriverService.findExecutable(DriverService.java:141)
	at org.openqa.selenium.firefox.GeckoDriverService.access$100(GeckoDriverService.java:44)
	at org.openqa.selenium.firefox.GeckoDriverService$Builder.findDefaultExecutable(GeckoDriverService.java:167)
	at org.openqa.selenium.remote.service.DriverService$Builder.build(DriverService.java:355)
	at org.openqa.selenium.firefox.FirefoxDriver.toExecutor(FirefoxDriver.java:190)
	at org.openqa.selenium.firefox.FirefoxDriver.&lt;init&gt;(FirefoxDriver.java:147)
	at org.openqa.selenium.firefox.FirefoxDriver.&lt;init&gt;(FirefoxDriver.java:125)
	at browser.BrowserSetup.lauchFirfoxBrowser(BrowserSetup.java:24)
	at TestNGPackege2.AddtoCartOnFilpkart.toLauncBrowser(AddtoCartOnFilpkart.java:45)
	at java.base/jdk.internal.reflect.DirectMethodHandleAccessor.invoke(DirectMethodHandleAccessor.java:104)
	at java.base/java.lang.reflect.Method.invoke(Method.java:577)
	at org.testng.internal.MethodInvocationHelper.invokeMethod(MethodInvocationHelper.java:133)
	at org.testng.internal.MethodInvocationHelper.invokeMethodConsideringTimeout(MethodInvocationHelper.java:62)
	at org.testng.internal.ConfigInvoker.invokeConfigurationMethod(ConfigInvoker.java:385)
	at org.testng.internal.ConfigInvoker.invokeConfigurations(ConfigInvoker.java:321)
	at org.testng.TestRunner.invokeTestConfigurations(TestRunner.java:637)
	at org.testng.TestRunner.beforeRun(TestRunner.java:627)
	at org.testng.TestRunner.run(TestRunner.java:589)
	at org.testng.SuiteRunner.runTest(SuiteRunner.java:377)
	at org.testng.SuiteRunner.access$000(SuiteRunner.java:28)
	at org.testng.SuiteRunner$SuiteWorker.run(SuiteRunner.java:418)
	at org.testng.internal.thread.ThreadUtil.lambda$execute$0(ThreadUtil.java:64)
	at java.base/java.util.concurrent.FutureTask.run(FutureTask.java:264)
	at java.base/java.util.concurrent.ThreadPoolExecutor.runWorker(ThreadPoolExecutor.java:1136)
	at java.base/java.util.concurrent.ThreadPoolExecutor$Worker.run(ThreadPoolExecutor.java:635)
	at java.base/java.lang.Thread.run(Thread.java:833)
</pre></div></td>
<td>0</td>
<td>TestNGPackege2.PlaceOrderClassFlipkart@384ad17b</td></tr>
</table><p>
</body>
</html>