<?xml version="1.0" encoding="UTF-8"?>
<!-- Generated by org.testng.reporters.JUnitXMLReporter -->
<testsuite ignored="1" hostname="LAPTOP-H80V36UT" failures="0" tests="2" name="Firefox" time="0.058" errors="0" timestamp="2023-02-10T07:57:54 IST">
  <testcase classname="TestNGPackege2.AddtoCartOnFilpkart" name="@BeforeTest toLauncBrowser" time="0.025">
    <failure type="java.lang.IllegalStateException" message="The driver executable does not exist: C:\TestingAutomation\geckodriver-v0.32.2-win-aarch64\geckodriver.exe">
      <![CDATA[java.lang.IllegalStateException: The driver executable does not exist: C:\TestingAutomation\geckodriver-v0.32.2-win-aarch64\geckodriver.exe
at com.google.common.base.Preconditions.checkState(Preconditions.java:585)
at org.openqa.selenium.remote.service.DriverService.checkExecutable(DriverService.java:146)
at org.openqa.selenium.remote.service.DriverService.findExecutable(DriverService.java:141)
at org.openqa.selenium.firefox.GeckoDriverService.access$100(GeckoDriverService.java:44)
at org.openqa.selenium.firefox.GeckoDriverService$Builder.findDefaultExecutable(GeckoDriverService.java:167)
at org.openqa.selenium.remote.service.DriverService$Builder.build(DriverService.java:355)
at org.openqa.selenium.firefox.FirefoxDriver.toExecutor(FirefoxDriver.java:190)
at org.openqa.selenium.firefox.FirefoxDriver.<init>(FirefoxDriver.java:147)
at org.openqa.selenium.firefox.FirefoxDriver.<init>(FirefoxDriver.java:125)
at browser.BrowserSetup.lauchFirfoxBrowser(BrowserSetup.java:24)
at TestNGPackege2.AddtoCartOnFilpkart.toLauncBrowser(AddtoCartOnFilpkart.java:45)
at java.base/java.util.concurrent.FutureTask.run(FutureTask.java:264)
at java.base/java.util.concurrent.ThreadPoolExecutor.runWorker(ThreadPoolExecutor.java:1136)
at java.base/java.util.concurrent.ThreadPoolExecutor$Worker.run(ThreadPoolExecutor.java:635)
at java.base/java.lang.Thread.run(Thread.java:833)
... Removed 13 stack frames]]>
    </failure>
  </testcase> <!-- @BeforeTest toLauncBrowser -->
  <testcase classname="TestNGPackege2.PlaceOrderClassFlipkart" name="@BeforeTest toLaunchBrowser" time="-1.675996074923E9">
    <skipped/>
  </testcase> <!-- @BeforeTest toLaunchBrowser -->
  <testcase classname="TestNGPackege2.PlaceOrderClassFlipkart" name="@BeforeClass createPOMObjects" time="-1.675996074929E9">
    <skipped/>
  </testcase> <!-- @BeforeClass createPOMObjects -->
  <testcase classname="TestNGPackege2.PlaceOrderClassFlipkart" name="@BeforeMethod goToMainPageFlipKart" time="-1.675996074931E9">
    <skipped/>
  </testcase> <!-- @BeforeMethod goToMainPageFlipKart -->
  <testcase classname="TestNGPackege2.PlaceOrderClassFlipkart" name="@AfterMethod afterMehtod" time="-1.675996074934E9">
    <skipped/>
  </testcase> <!-- @AfterMethod afterMehtod -->
  <testcase classname="TestNGPackege2.PlaceOrderClassFlipkart" name="@AfterClass closePOMClasses" time="-1.675996074934E9">
    <skipped/>
  </testcase> <!-- @AfterClass closePOMClasses -->
  <testcase classname="TestNGPackege2.AddtoCartOnFilpkart" name="@BeforeClass createPomClassObjects" time="-1.67599607494E9">
    <skipped/>
  </testcase> <!-- @BeforeClass createPomClassObjects -->
  <testcase classname="TestNGPackege2.AddtoCartOnFilpkart" name="@BeforeMethod goToMainPageOnFlipkart" time="-1.675996074942E9">
    <skipped/>
  </testcase> <!-- @BeforeMethod goToMainPageOnFlipkart -->
  <testcase classname="TestNGPackege2.AddtoCartOnFilpkart" name="@AfterMethod afterMethod" time="-1.675996074948E9">
    <skipped/>
  </testcase> <!-- @AfterMethod afterMethod -->
  <testcase classname="TestNGPackege2.AddtoCartOnFilpkart" name="@AfterClass afterClass" time="-1.675996074948E9">
    <skipped/>
  </testcase> <!-- @AfterClass afterClass -->
  <testcase classname="TestNGPackege2.AddtoCartOnFilpkart" name="@AfterTest closeBrowser" time="-1.675996074948E9">
    <skipped/>
  </testcase> <!-- @AfterTest closeBrowser -->
  <testcase classname="TestNGPackege2.PlaceOrderClassFlipkart" name="@AfterTest afterMethod" time="-1.675996074948E9">
    <skipped/>
  </testcase> <!-- @AfterTest afterMethod -->
  <testcase classname="TestNGPackege2.PlaceOrderClassFlipkart" name="verifyCorrectProduct" time="0.0">
    <skipped/>
  </testcase> <!-- verifyCorrectProduct -->
  <testcase classname="TestNGPackege2.AddtoCartOnFilpkart" name="clickOnElectronicsButto" time="0.0">
    <skipped/>
  </testcase> <!-- clickOnElectronicsButto -->
  <testcase classname="TestNGPackege2.AddtoCartOnFilpkart" name="toVerifyFilterOnHp" time="0.0">
    <ignored/>
  </testcase> <!-- toVerifyFilterOnHp -->
</testsuite> <!-- Firefox -->
