<?xml version="1.0" encoding="UTF-8"?>
<!-- Generated by org.testng.reporters.JUnitXMLReporter -->
<testsuite ignored="1" hostname="LAPTOP-H80V36UT" failures="0" tests="2" name="FirfoxTest" time="20.084" errors="0" timestamp="2023-02-09T07:24:40 IST">
  <testcase classname="TestNGPackege2.AddtoCartOnFilpkart" name="@BeforeTest toLauncBrowser" time="20.043">
    <failure type="org.openqa.selenium.WebDriverException" message="java.net.ConnectException: Failed to connect to localhost/[0:0:0:0:0:0:0:1]:37442
Build info: version: &amp;apos;3.141.59&amp;apos;, revision: &amp;apos;e82be7d358&amp;apos;, time: &amp;apos;2018-11-14T08:17:03&amp;apos;
System info: host: &amp;apos;LAPTOP-H80V36UT&amp;apos;, ip: &amp;apos;192.168.43.209&amp;apos;, os.name: &amp;apos;Windows 11&amp;apos;, os.arch: &amp;apos;amd64&amp;apos;, os.version: &amp;apos;10.0&amp;apos;, java.version: &amp;apos;18.0.2.1&amp;apos;
Driver info: driver.version: FirefoxDriver">
      <![CDATA[org.openqa.selenium.WebDriverException: java.net.ConnectException: Failed to connect to localhost/[0:0:0:0:0:0:0:1]:37442
Build info: version: '3.141.59', revision: 'e82be7d358', time: '2018-11-14T08:17:03'
System info: host: 'LAPTOP-H80V36UT', ip: '192.168.43.209', os.name: 'Windows 11', os.arch: 'amd64', os.version: '10.0', java.version: '18.0.2.1'
Driver info: driver.version: FirefoxDriver
at org.openqa.selenium.remote.service.DriverCommandExecutor.execute(DriverCommandExecutor.java:92)
at org.openqa.selenium.remote.RemoteWebDriver.execute(RemoteWebDriver.java:552)
at org.openqa.selenium.remote.RemoteWebDriver.startSession(RemoteWebDriver.java:213)
at org.openqa.selenium.remote.RemoteWebDriver.<init>(RemoteWebDriver.java:131)
at org.openqa.selenium.firefox.FirefoxDriver.<init>(FirefoxDriver.java:147)
at org.openqa.selenium.firefox.FirefoxDriver.<init>(FirefoxDriver.java:125)
at TestNGPackege2.AddtoCartOnFilpkart.toLauncBrowser(AddtoCartOnFilpkart.java:49)
at java.base/java.util.concurrent.FutureTask.run(FutureTask.java:264)
at java.base/java.util.concurrent.ThreadPoolExecutor.runWorker(ThreadPoolExecutor.java:1136)
at java.base/java.util.concurrent.ThreadPoolExecutor$Worker.run(ThreadPoolExecutor.java:635)
at java.base/java.lang.Thread.run(Thread.java:833)
Caused by: java.net.ConnectException: Failed to connect to localhost/[0:0:0:0:0:0:0:1]:37442
at okhttp3.internal.connection.RealConnection.connectSocket(RealConnection.java:247)
at okhttp3.internal.connection.RealConnection.connect(RealConnection.java:165)
at okhttp3.internal.connection.StreamAllocation.findConnection(StreamAllocation.java:257)
at okhttp3.internal.connection.StreamAllocation.findHealthyConnection(StreamAllocation.java:135)
at okhttp3.internal.connection.StreamAllocation.newStream(StreamAllocation.java:114)
at okhttp3.internal.connection.ConnectInterceptor.intercept(ConnectInterceptor.java:42)
at okhttp3.internal.http.RealInterceptorChain.proceed(RealInterceptorChain.java:147)
at okhttp3.internal.http.RealInterceptorChain.proceed(RealInterceptorChain.java:121)
at okhttp3.internal.cache.CacheInterceptor.intercept(CacheInterceptor.java:93)
at okhttp3.internal.http.RealInterceptorChain.proceed(RealInterceptorChain.java:147)
at okhttp3.internal.http.RealInterceptorChain.proceed(RealInterceptorChain.java:121)
at okhttp3.internal.http.BridgeInterceptor.intercept(BridgeInterceptor.java:93)
at okhttp3.internal.http.RealInterceptorChain.proceed(RealInterceptorChain.java:147)
at okhttp3.internal.http.RetryAndFollowUpInterceptor.intercept(RetryAndFollowUpInterceptor.java:126)
at okhttp3.internal.http.RealInterceptorChain.proceed(RealInterceptorChain.java:147)
at okhttp3.internal.http.RealInterceptorChain.proceed(RealInterceptorChain.java:121)
at okhttp3.RealCall.getResponseWithInterceptorChain(RealCall.java:200)
at okhttp3.RealCall.execute(RealCall.java:77)
at org.openqa.selenium.remote.internal.OkHttpClient.execute(OkHttpClient.java:103)
at org.openqa.selenium.remote.ProtocolHandshake.createSession(ProtocolHandshake.java:105)
at org.openqa.selenium.remote.ProtocolHandshake.createSession(ProtocolHandshake.java:74)
at org.openqa.selenium.remote.HttpCommandExecutor.execute(HttpCommandExecutor.java:136)
at org.openqa.selenium.remote.service.DriverCommandExecutor.execute(DriverCommandExecutor.java:83)
... 23 more
Caused by: java.net.ConnectException: Connection refused: no further information
at java.base/sun.nio.ch.Net.pollConnect(Native Method)
at java.base/sun.nio.ch.Net.pollConnectNow(Net.java:672)
at java.base/sun.nio.ch.NioSocketImpl.timedFinishConnect(NioSocketImpl.java:539)
at java.base/sun.nio.ch.NioSocketImpl.connect(NioSocketImpl.java:594)
at java.base/java.net.SocksSocketImpl.connect(SocksSocketImpl.java:327)
at java.base/java.net.Socket.connect(Socket.java:633)
at okhttp3.internal.platform.Platform.connectSocket(Platform.java:129)
at okhttp3.internal.connection.RealConnection.connectSocket(RealConnection.java:245)
... 45 more
... Removed 13 stack frames]]>
    </failure>
  </testcase> <!-- @BeforeTest toLauncBrowser -->
  <testcase classname="TestNGPackege2.PlaceOrderClassFlipkart" name="@BeforeTest toLaunchBrowser" time="-1.675907680766E9">
    <skipped/>
  </testcase> <!-- @BeforeTest toLaunchBrowser -->
  <testcase classname="TestNGPackege2.PlaceOrderClassFlipkart" name="@BeforeClass createPOMObjects" time="-1.67590768077E9">
    <skipped/>
  </testcase> <!-- @BeforeClass createPOMObjects -->
  <testcase classname="TestNGPackege2.PlaceOrderClassFlipkart" name="@BeforeMethod goToMainPageFlipKart" time="-1.675907680772E9">
    <skipped/>
  </testcase> <!-- @BeforeMethod goToMainPageFlipKart -->
  <testcase classname="TestNGPackege2.PlaceOrderClassFlipkart" name="@AfterMethod afterMehtod" time="-1.675907680779E9">
    <skipped/>
  </testcase> <!-- @AfterMethod afterMehtod -->
  <testcase classname="TestNGPackege2.PlaceOrderClassFlipkart" name="@AfterClass closePOMClasses" time="-1.675907680782E9">
    <skipped/>
  </testcase> <!-- @AfterClass closePOMClasses -->
  <testcase classname="TestNGPackege2.AddtoCartOnFilpkart" name="@BeforeClass createPomClassObjects" time="-1.675907680784E9">
    <skipped/>
  </testcase> <!-- @BeforeClass createPomClassObjects -->
  <testcase classname="TestNGPackege2.AddtoCartOnFilpkart" name="@BeforeMethod goToMainPageOnFlipkart" time="-1.675907680787E9">
    <skipped/>
  </testcase> <!-- @BeforeMethod goToMainPageOnFlipkart -->
  <testcase classname="TestNGPackege2.AddtoCartOnFilpkart" name="@AfterMethod afterMethod" time="-1.675907680791E9">
    <skipped/>
  </testcase> <!-- @AfterMethod afterMethod -->
  <testcase classname="TestNGPackege2.AddtoCartOnFilpkart" name="@AfterClass afterClass" time="-1.675907680793E9">
    <skipped/>
  </testcase> <!-- @AfterClass afterClass -->
  <testcase classname="TestNGPackege2.AddtoCartOnFilpkart" name="@AfterTest closeBrowser" time="-1.675907680794E9">
    <skipped/>
  </testcase> <!-- @AfterTest closeBrowser -->
  <testcase classname="TestNGPackege2.PlaceOrderClassFlipkart" name="@AfterTest afterMethod" time="-1.675907680796E9">
    <skipped/>
  </testcase> <!-- @AfterTest afterMethod -->
  <testcase classname="TestNGPackege2.PlaceOrderClassFlipkart" name="verifyCorrectProduct" time="0.0">
    <skipped/>
  </testcase> <!-- verifyCorrectProduct -->
  <testcase classname="TestNGPackege2.AddtoCartOnFilpkart" name="clickOnElectronicsButto" time="0.0">
    <skipped/>
  </testcase> <!-- clickOnElectronicsButto -->
  <testcase classname="TestNGPackege2.AddtoCartOnFilpkart" name="toVerifyFilterOnHp" time="0.0">
    <ignored/>
  </testcase> <!-- toVerifyFilterOnHp -->
</testsuite> <!-- FirfoxTest -->
